<?xml version="1.0" encoding="UTF-8"?>
<testsuite xmlns:xsi="http://www.w3.org/2001/XMLSchema-instance" xsi:noNamespaceSchemaLocation="https://maven.apache.org/surefire/maven-surefire-plugin/xsd/surefire-test-report-3.0.xsd" version="3.0" name="AppTest" time="0.08" tests="1" errors="0" skipped="0" failures="0">
  <properties>
    <property name="java.specification.version" value="17"/>
    <property name="sun.cpu.isalist" value="amd64"/>
    <property name="sun.jnu.encoding" value="Cp1252"/>
    <property name="java.class.path" value="C:\Dev\inf112\sagaofthevilleins\target\test-classes;C:\Dev\inf112\sagaofthevilleins\target\classes;C:\Users\mrkal\.m2\repository\com\badlogicgames\gdx\gdx\1.11.0\gdx-1.11.0.jar;C:\Users\mrkal\.m2\repository\com\badlogicgames\gdx\gdx-jnigen-loader\2.3.1\gdx-jnigen-loader-2.3.1.jar;C:\Users\mrkal\.m2\repository\com\badlogicgames\gdx\gdx-platform\1.11.0\gdx-platform-1.11.0-natives-desktop.jar;C:\Users\mrkal\.m2\repository\com\badlogicgames\gdx\gdx-backend-lwjgl3\1.11.0\gdx-backend-lwjgl3-1.11.0.jar;C:\Users\mrkal\.m2\repository\org\lwjgl\lwjgl\3.3.1\lwjgl-3.3.1.jar;C:\Users\mrkal\.m2\repository\org\lwjgl\lwjgl\3.3.1\lwjgl-3.3.1-natives-linux.jar;C:\Users\mrkal\.m2\repository\org\lwjgl\lwjgl\3.3.1\lwjgl-3.3.1-natives-linux-arm32.jar;C:\Users\mrkal\.m2\repository\org\lwjgl\lwjgl\3.3.1\lwjgl-3.3.1-natives-linux-arm64.jar;C:\Users\mrkal\.m2\repository\org\lwjgl\lwjgl\3.3.1\lwjgl-3.3.1-natives-macos.jar;C:\Users\mrkal\.m2\repository\org\lwjgl\lwjgl\3.3.1\lwjgl-3.3.1-natives-macos-arm64.jar;C:\Users\mrkal\.m2\repository\org\lwjgl\lwjgl\3.3.1\lwjgl-3.3.1-natives-windows.jar;C:\Users\mrkal\.m2\repository\org\lwjgl\lwjgl\3.3.1\lwjgl-3.3.1-natives-windows-x86.jar;C:\Users\mrkal\.m2\repository\org\lwjgl\lwjgl-glfw\3.3.1\lwjgl-glfw-3.3.1.jar;C:\Users\mrkal\.m2\repository\org\lwjgl\lwjgl-glfw\3.3.1\lwjgl-glfw-3.3.1-natives-linux.jar;C:\Users\mrkal\.m2\repository\org\lwjgl\lwjgl-glfw\3.3.1\lwjgl-glfw-3.3.1-natives-linux-arm32.jar;C:\Users\mrkal\.m2\repository\org\lwjgl\lwjgl-glfw\3.3.1\lwjgl-glfw-3.3.1-natives-linux-arm64.jar;C:\Users\mrkal\.m2\repository\org\lwjgl\lwjgl-glfw\3.3.1\lwjgl-glfw-3.3.1-natives-macos.jar;C:\Users\mrkal\.m2\repository\org\lwjgl\lwjgl-glfw\3.3.1\lwjgl-glfw-3.3.1-natives-macos-arm64.jar;C:\Users\mrkal\.m2\repository\org\lwjgl\lwjgl-glfw\3.3.1\lwjgl-glfw-3.3.1-natives-windows.jar;C:\Users\mrkal\.m2\repository\org\lwjgl\lwjgl-glfw\3.3.1\lwjgl-glfw-3.3.1-natives-windows-x86.jar;C:\Users\mrkal\.m2\repository\org\lwjgl\lwjgl-jemalloc\3.3.1\lwjgl-jemalloc-3.3.1.jar;C:\Users\mrkal\.m2\repository\org\lwjgl\lwjgl-jemalloc\3.3.1\lwjgl-jemalloc-3.3.1-natives-linux.jar;C:\Users\mrkal\.m2\repository\org\lwjgl\lwjgl-jemalloc\3.3.1\lwjgl-jemalloc-3.3.1-natives-linux-arm32.jar;C:\Users\mrkal\.m2\repository\org\lwjgl\lwjgl-jemalloc\3.3.1\lwjgl-jemalloc-3.3.1-natives-linux-arm64.jar;C:\Users\mrkal\.m2\repository\org\lwjgl\lwjgl-jemalloc\3.3.1\lwjgl-jemalloc-3.3.1-natives-macos.jar;C:\Users\mrkal\.m2\repository\org\lwjgl\lwjgl-jemalloc\3.3.1\lwjgl-jemalloc-3.3.1-natives-macos-arm64.jar;C:\Users\mrkal\.m2\repository\org\lwjgl\lwjgl-jemalloc\3.3.1\lwjgl-jemalloc-3.3.1-natives-windows.jar;C:\Users\mrkal\.m2\repository\org\lwjgl\lwjgl-jemalloc\3.3.1\lwjgl-jemalloc-3.3.1-natives-windows-x86.jar;C:\Users\mrkal\.m2\repository\org\lwjgl\lwjgl-openal\3.3.1\lwjgl-openal-3.3.1.jar;C:\Users\mrkal\.m2\repository\org\lwjgl\lwjgl-openal\3.3.1\lwjgl-openal-3.3.1-natives-linux.jar;C:\Users\mrkal\.m2\repository\org\lwjgl\lwjgl-openal\3.3.1\lwjgl-openal-3.3.1-natives-linux-arm32.jar;C:\Users\mrkal\.m2\repository\org\lwjgl\lwjgl-openal\3.3.1\lwjgl-openal-3.3.1-natives-linux-arm64.jar;C:\Users\mrkal\.m2\repository\org\lwjgl\lwjgl-openal\3.3.1\lwjgl-openal-3.3.1-natives-macos.jar;C:\Users\mrkal\.m2\repository\org\lwjgl\lwjgl-openal\3.3.1\lwjgl-openal-3.3.1-natives-macos-arm64.jar;C:\Users\mrkal\.m2\repository\org\lwjgl\lwjgl-openal\3.3.1\lwjgl-openal-3.3.1-natives-windows.jar;C:\Users\mrkal\.m2\repository\org\lwjgl\lwjgl-openal\3.3.1\lwjgl-openal-3.3.1-natives-windows-x86.jar;C:\Users\mrkal\.m2\repository\org\lwjgl\lwjgl-opengl\3.3.1\lwjgl-opengl-3.3.1.jar;C:\Users\mrkal\.m2\repository\org\lwjgl\lwjgl-opengl\3.3.1\lwjgl-opengl-3.3.1-natives-linux.jar;C:\Users\mrkal\.m2\repository\org\lwjgl\lwjgl-opengl\3.3.1\lwjgl-opengl-3.3.1-natives-linux-arm32.jar;C:\Users\mrkal\.m2\repository\org\lwjgl\lwjgl-opengl\3.3.1\lwjgl-opengl-3.3.1-natives-linux-arm64.jar;C:\Users\mrkal\.m2\repository\org\lwjgl\lwjgl-opengl\3.3.1\lwjgl-opengl-3.3.1-natives-macos.jar;C:\Users\mrkal\.m2\repository\org\lwjgl\lwjgl-opengl\3.3.1\lwjgl-opengl-3.3.1-natives-macos-arm64.jar;C:\Users\mrkal\.m2\repository\org\lwjgl\lwjgl-opengl\3.3.1\lwjgl-opengl-3.3.1-natives-windows.jar;C:\Users\mrkal\.m2\repository\org\lwjgl\lwjgl-opengl\3.3.1\lwjgl-opengl-3.3.1-natives-windows-x86.jar;C:\Users\mrkal\.m2\repository\org\lwjgl\lwjgl-stb\3.3.1\lwjgl-stb-3.3.1.jar;C:\Users\mrkal\.m2\repository\org\lwjgl\lwjgl-stb\3.3.1\lwjgl-stb-3.3.1-natives-linux.jar;C:\Users\mrkal\.m2\repository\org\lwjgl\lwjgl-stb\3.3.1\lwjgl-stb-3.3.1-natives-linux-arm32.jar;C:\Users\mrkal\.m2\repository\org\lwjgl\lwjgl-stb\3.3.1\lwjgl-stb-3.3.1-natives-linux-arm64.jar;C:\Users\mrkal\.m2\repository\org\lwjgl\lwjgl-stb\3.3.1\lwjgl-stb-3.3.1-natives-macos.jar;C:\Users\mrkal\.m2\repository\org\lwjgl\lwjgl-stb\3.3.1\lwjgl-stb-3.3.1-natives-macos-arm64.jar;C:\Users\mrkal\.m2\repository\org\lwjgl\lwjgl-stb\3.3.1\lwjgl-stb-3.3.1-natives-windows.jar;C:\Users\mrkal\.m2\repository\org\lwjgl\lwjgl-stb\3.3.1\lwjgl-stb-3.3.1-natives-windows-x86.jar;C:\Users\mrkal\.m2\repository\com\badlogicgames\jlayer\jlayer\1.0.1-gdx\jlayer-1.0.1-gdx.jar;C:\Users\mrkal\.m2\repository\org\jcraft\jorbis\0.0.17\jorbis-0.0.17.jar;C:\Users\mrkal\.m2\repository\org\junit\jupiter\junit-jupiter\5.9.2\junit-jupiter-5.9.2.jar;C:\Users\mrkal\.m2\repository\org\junit\jupiter\junit-jupiter-api\5.9.2\junit-jupiter-api-5.9.2.jar;C:\Users\mrkal\.m2\repository\org\opentest4j\opentest4j\1.2.0\opentest4j-1.2.0.jar;C:\Users\mrkal\.m2\repository\org\junit\platform\junit-platform-commons\1.9.2\junit-platform-commons-1.9.2.jar;C:\Users\mrkal\.m2\repository\org\apiguardian\apiguardian-api\1.1.2\apiguardian-api-1.1.2.jar;C:\Users\mrkal\.m2\repository\org\junit\jupiter\junit-jupiter-params\5.9.2\junit-jupiter-params-5.9.2.jar;C:\Users\mrkal\.m2\repository\org\junit\jupiter\junit-jupiter-engine\5.9.2\junit-jupiter-engine-5.9.2.jar;C:\Users\mrkal\.m2\repository\org\junit\platform\junit-platform-engine\1.9.2\junit-platform-engine-1.9.2.jar;C:\Users\mrkal\.m2\repository\org\slf4j\slf4j-api\2.0.6\slf4j-api-2.0.6.jar;C:\Users\mrkal\.m2\repository\org\slf4j\slf4j-simple\2.0.6\slf4j-simple-2.0.6.jar;"/>
    <property name="java.vm.vendor" value="Eclipse Adoptium"/>
    <property name="sun.arch.data.model" value="64"/>
    <property name="user.variant" value=""/>
    <property name="java.vendor.url" value="https://adoptium.net/"/>
    <property name="user.timezone" value="Europe/Paris"/>
    <property name="user.country.format" value="NL"/>
    <property name="os.name" value="Windows 11"/>
    <property name="java.vm.specification.version" value="17"/>
    <property name="sun.java.launcher" value="SUN_STANDARD"/>
    <property name="user.country" value="US"/>
    <property name="sun.boot.library.path" value="C:\Program Files\Eclipse Adoptium\jdk-17.0.5.8-hotspot\bin"/>
    <property name="sun.java.command" value="C:\Users\mrkal\AppData\Local\Temp\surefire12532657002697615801\surefirebooter14435318029769185223.jar C:\Users\mrkal\AppData\Local\Temp\surefire12532657002697615801 2023-02-16T09-28-32_474-jvmRun1 surefire3030773685946640966tmp surefire_01217432412891624933tmp"/>
    <property name="jdk.debug" value="release"/>
    <property name="surefire.test.class.path" value="C:\Dev\inf112\sagaofthevilleins\target\test-classes;C:\Dev\inf112\sagaofthevilleins\target\classes;C:\Users\mrkal\.m2\repository\com\badlogicgames\gdx\gdx\1.11.0\gdx-1.11.0.jar;C:\Users\mrkal\.m2\repository\com\badlogicgames\gdx\gdx-jnigen-loader\2.3.1\gdx-jnigen-loader-2.3.1.jar;C:\Users\mrkal\.m2\repository\com\badlogicgames\gdx\gdx-platform\1.11.0\gdx-platform-1.11.0-natives-desktop.jar;C:\Users\mrkal\.m2\repository\com\badlogicgames\gdx\gdx-backend-lwjgl3\1.11.0\gdx-backend-lwjgl3-1.11.0.jar;C:\Users\mrkal\.m2\repository\org\lwjgl\lwjgl\3.3.1\lwjgl-3.3.1.jar;C:\Users\mrkal\.m2\repository\org\lwjgl\lwjgl\3.3.1\lwjgl-3.3.1-natives-linux.jar;C:\Users\mrkal\.m2\repository\org\lwjgl\lwjgl\3.3.1\lwjgl-3.3.1-natives-linux-arm32.jar;C:\Users\mrkal\.m2\repository\org\lwjgl\lwjgl\3.3.1\lwjgl-3.3.1-natives-linux-arm64.jar;C:\Users\mrkal\.m2\repository\org\lwjgl\lwjgl\3.3.1\lwjgl-3.3.1-natives-macos.jar;C:\Users\mrkal\.m2\repository\org\lwjgl\lwjgl\3.3.1\lwjgl-3.3.1-natives-macos-arm64.jar;C:\Users\mrkal\.m2\repository\org\lwjgl\lwjgl\3.3.1\lwjgl-3.3.1-natives-windows.jar;C:\Users\mrkal\.m2\repository\org\lwjgl\lwjgl\3.3.1\lwjgl-3.3.1-natives-windows-x86.jar;C:\Users\mrkal\.m2\repository\org\lwjgl\lwjgl-glfw\3.3.1\lwjgl-glfw-3.3.1.jar;C:\Users\mrkal\.m2\repository\org\lwjgl\lwjgl-glfw\3.3.1\lwjgl-glfw-3.3.1-natives-linux.jar;C:\Users\mrkal\.m2\repository\org\lwjgl\lwjgl-glfw\3.3.1\lwjgl-glfw-3.3.1-natives-linux-arm32.jar;C:\Users\mrkal\.m2\repository\org\lwjgl\lwjgl-glfw\3.3.1\lwjgl-glfw-3.3.1-natives-linux-arm64.jar;C:\Users\mrkal\.m2\repository\org\lwjgl\lwjgl-glfw\3.3.1\lwjgl-glfw-3.3.1-natives-macos.jar;C:\Users\mrkal\.m2\repository\org\lwjgl\lwjgl-glfw\3.3.1\lwjgl-glfw-3.3.1-natives-macos-arm64.jar;C:\Users\mrkal\.m2\repository\org\lwjgl\lwjgl-glfw\3.3.1\lwjgl-glfw-3.3.1-natives-windows.jar;C:\Users\mrkal\.m2\repository\org\lwjgl\lwjgl-glfw\3.3.1\lwjgl-glfw-3.3.1-natives-windows-x86.jar;C:\Users\mrkal\.m2\repository\org\lwjgl\lwjgl-jemalloc\3.3.1\lwjgl-jemalloc-3.3.1.jar;C:\Users\mrkal\.m2\repository\org\lwjgl\lwjgl-jemalloc\3.3.1\lwjgl-jemalloc-3.3.1-natives-linux.jar;C:\Users\mrkal\.m2\repository\org\lwjgl\lwjgl-jemalloc\3.3.1\lwjgl-jemalloc-3.3.1-natives-linux-arm32.jar;C:\Users\mrkal\.m2\repository\org\lwjgl\lwjgl-jemalloc\3.3.1\lwjgl-jemalloc-3.3.1-natives-linux-arm64.jar;C:\Users\mrkal\.m2\repository\org\lwjgl\lwjgl-jemalloc\3.3.1\lwjgl-jemalloc-3.3.1-natives-macos.jar;C:\Users\mrkal\.m2\repository\org\lwjgl\lwjgl-jemalloc\3.3.1\lwjgl-jemalloc-3.3.1-natives-macos-arm64.jar;C:\Users\mrkal\.m2\repository\org\lwjgl\lwjgl-jemalloc\3.3.1\lwjgl-jemalloc-3.3.1-natives-windows.jar;C:\Users\mrkal\.m2\repository\org\lwjgl\lwjgl-jemalloc\3.3.1\lwjgl-jemalloc-3.3.1-natives-windows-x86.jar;C:\Users\mrkal\.m2\repository\org\lwjgl\lwjgl-openal\3.3.1\lwjgl-openal-3.3.1.jar;C:\Users\mrkal\.m2\repository\org\lwjgl\lwjgl-openal\3.3.1\lwjgl-openal-3.3.1-natives-linux.jar;C:\Users\mrkal\.m2\repository\org\lwjgl\lwjgl-openal\3.3.1\lwjgl-openal-3.3.1-natives-linux-arm32.jar;C:\Users\mrkal\.m2\repository\org\lwjgl\lwjgl-openal\3.3.1\lwjgl-openal-3.3.1-natives-linux-arm64.jar;C:\Users\mrkal\.m2\repository\org\lwjgl\lwjgl-openal\3.3.1\lwjgl-openal-3.3.1-natives-macos.jar;C:\Users\mrkal\.m2\repository\org\lwjgl\lwjgl-openal\3.3.1\lwjgl-openal-3.3.1-natives-macos-arm64.jar;C:\Users\mrkal\.m2\repository\org\lwjgl\lwjgl-openal\3.3.1\lwjgl-openal-3.3.1-natives-windows.jar;C:\Users\mrkal\.m2\repository\org\lwjgl\lwjgl-openal\3.3.1\lwjgl-openal-3.3.1-natives-windows-x86.jar;C:\Users\mrkal\.m2\repository\org\lwjgl\lwjgl-opengl\3.3.1\lwjgl-opengl-3.3.1.jar;C:\Users\mrkal\.m2\repository\org\lwjgl\lwjgl-opengl\3.3.1\lwjgl-opengl-3.3.1-natives-linux.jar;C:\Users\mrkal\.m2\repository\org\lwjgl\lwjgl-opengl\3.3.1\lwjgl-opengl-3.3.1-natives-linux-arm32.jar;C:\Users\mrkal\.m2\repository\org\lwjgl\lwjgl-opengl\3.3.1\lwjgl-opengl-3.3.1-natives-linux-arm64.jar;C:\Users\mrkal\.m2\repository\org\lwjgl\lwjgl-opengl\3.3.1\lwjgl-opengl-3.3.1-natives-macos.jar;C:\Users\mrkal\.m2\repository\org\lwjgl\lwjgl-opengl\3.3.1\lwjgl-opengl-3.3.1-natives-macos-arm64.jar;C:\Users\mrkal\.m2\repository\org\lwjgl\lwjgl-opengl\3.3.1\lwjgl-opengl-3.3.1-natives-windows.jar;C:\Users\mrkal\.m2\repository\org\lwjgl\lwjgl-opengl\3.3.1\lwjgl-opengl-3.3.1-natives-windows-x86.jar;C:\Users\mrkal\.m2\repository\org\lwjgl\lwjgl-stb\3.3.1\lwjgl-stb-3.3.1.jar;C:\Users\mrkal\.m2\repository\org\lwjgl\lwjgl-stb\3.3.1\lwjgl-stb-3.3.1-natives-linux.jar;C:\Users\mrkal\.m2\repository\org\lwjgl\lwjgl-stb\3.3.1\lwjgl-stb-3.3.1-natives-linux-arm32.jar;C:\Users\mrkal\.m2\repository\org\lwjgl\lwjgl-stb\3.3.1\lwjgl-stb-3.3.1-natives-linux-arm64.jar;C:\Users\mrkal\.m2\repository\org\lwjgl\lwjgl-stb\3.3.1\lwjgl-stb-3.3.1-natives-macos.jar;C:\Users\mrkal\.m2\repository\org\lwjgl\lwjgl-stb\3.3.1\lwjgl-stb-3.3.1-natives-macos-arm64.jar;C:\Users\mrkal\.m2\repository\org\lwjgl\lwjgl-stb\3.3.1\lwjgl-stb-3.3.1-natives-windows.jar;C:\Users\mrkal\.m2\repository\org\lwjgl\lwjgl-stb\3.3.1\lwjgl-stb-3.3.1-natives-windows-x86.jar;C:\Users\mrkal\.m2\repository\com\badlogicgames\jlayer\jlayer\1.0.1-gdx\jlayer-1.0.1-gdx.jar;C:\Users\mrkal\.m2\repository\org\jcraft\jorbis\0.0.17\jorbis-0.0.17.jar;C:\Users\mrkal\.m2\repository\org\junit\jupiter\junit-jupiter\5.9.2\junit-jupiter-5.9.2.jar;C:\Users\mrkal\.m2\repository\org\junit\jupiter\junit-jupiter-api\5.9.2\junit-jupiter-api-5.9.2.jar;C:\Users\mrkal\.m2\repository\org\opentest4j\opentest4j\1.2.0\opentest4j-1.2.0.jar;C:\Users\mrkal\.m2\repository\org\junit\platform\junit-platform-commons\1.9.2\junit-platform-commons-1.9.2.jar;C:\Users\mrkal\.m2\repository\org\apiguardian\apiguardian-api\1.1.2\apiguardian-api-1.1.2.jar;C:\Users\mrkal\.m2\repository\org\junit\jupiter\junit-jupiter-params\5.9.2\junit-jupiter-params-5.9.2.jar;C:\Users\mrkal\.m2\repository\org\junit\jupiter\junit-jupiter-engine\5.9.2\junit-jupiter-engine-5.9.2.jar;C:\Users\mrkal\.m2\repository\org\junit\platform\junit-platform-engine\1.9.2\junit-platform-engine-1.9.2.jar;C:\Users\mrkal\.m2\repository\org\slf4j\slf4j-api\2.0.6\slf4j-api-2.0.6.jar;C:\Users\mrkal\.m2\repository\org\slf4j\slf4j-simple\2.0.6\slf4j-simple-2.0.6.jar;"/>
    <property name="sun.cpu.endian" value="little"/>
    <property name="user.home" value="C:\Users\mrkal"/>
    <property name="user.language" value="en"/>
    <property name="java.specification.vendor" value="Oracle Corporation"/>
    <property name="java.version.date" value="2022-10-18"/>
    <property name="java.home" value="C:\Program Files\Eclipse Adoptium\jdk-17.0.5.8-hotspot"/>
    <property name="file.separator" value="\"/>
    <property name="basedir" value="C:\Dev\inf112\sagaofthevilleins"/>
    <property name="java.vm.compressedOopsMode" value="Zero based"/>
    <property name="line.separator" value="&#10;"/>
    <property name="java.vm.specification.vendor" value="Oracle Corporation"/>
    <property name="java.specification.name" value="Java Platform API Specification"/>
    <property name="surefire.real.class.path" value="C:\Users\mrkal\AppData\Local\Temp\surefire12532657002697615801\surefirebooter14435318029769185223.jar"/>
    <property name="user.script" value=""/>
    <property name="sun.management.compiler" value="HotSpot 64-Bit Tiered Compilers"/>
    <property name="java.runtime.version" value="17.0.5+8"/>
    <property name="user.name" value="mrkal"/>
    <property name="path.separator" value=";"/>
    <property name="os.version" value="10.0"/>
    <property name="java.runtime.name" value="OpenJDK Runtime Environment"/>
    <property name="file.encoding" value="Cp1252"/>
    <property name="java.vm.name" value="OpenJDK 64-Bit Server VM"/>
    <property name="java.vendor.version" value="Temurin-17.0.5+8"/>
    <property name="localRepository" value="C:\Users\mrkal\.m2\repository"/>
    <property name="java.vendor.url.bug" value="https://github.com/adoptium/adoptium-support/issues"/>
    <property name="java.io.tmpdir" value="C:\Users\mrkal\AppData\Local\Temp\"/>
    <property name="java.version" value="17.0.5"/>
    <property name="user.dir" value="C:\Dev\inf112\sagaofthevilleins"/>
    <property name="os.arch" value="amd64"/>
    <property name="java.vm.specification.name" value="Java Virtual Machine Specification"/>
    <property name="sun.os.patch.level" value=""/>
    <property name="native.encoding" value="Cp1252"/>
    <property name="java.library.path" value="C:\Program Files\Eclipse Adoptium\jdk-17.0.5.8-hotspot\bin;C:\WINDOWS\Sun\Java\bin;C:\WINDOWS\system32;C:\WINDOWS;C:\Program Files\Python311\Scripts\;C:\Program Files\Python311\;C:\Program Files\Eclipse Adoptium\jdk-17.0.5.8-hotspot\bin;c:\windows\system32;c:\windows;c:\windows\system32\wbem;c:\windows\system32\windowspowershell\v1.0\;c:\windows\system32\openssh\;c:\program files\nvidia corporation\nvidia nvdlisr;C:\Program Files (x86)\NVIDIA Corporation\PhysX\Common;C:\Program Files\Git\cmd;C:\WINDOWS\system32;C:\WINDOWS;C:\WINDOWS\System32\Wbem;C:\WINDOWS\System32\WindowsPowerShell\v1.0\;C:\WINDOWS\System32\OpenSSH\;C:\Program Files\Maven\bin;C:\Users\mrkal\AppData\Local\Microsoft\WindowsApps;C:\Users\mrkal\AppData\Local\Programs\Microsoft VS Code\bin;C:\Program Files\JetBrains\IntelliJ IDEA 2022.3.1\bin;C:\ghcup\bin;C:\Program Files\JetBrains\PyCharm 2022.3.1\bin;."/>
    <property name="java.vm.info" value="mixed mode, sharing"/>
    <property name="java.vendor" value="Eclipse Adoptium"/>
    <property name="java.vm.version" value="17.0.5+8"/>
    <property name="sun.io.unicode.encoding" value="UnicodeLittle"/>
    <property name="java.class.version" value="61.0"/>
  </properties>
  <testcase name="damageTest" classname="AppTest" time="0.051"/>
</testsuite>